* using log directory ‘/Users/davis/Desktop/r/packages/tibbletime/revdep/checks.noindex/anomalize/old/anomalize.Rcheck’
* using R version 3.6.0 (2019-04-26)
* using platform: x86_64-apple-darwin15.6.0 (64-bit)
* using session charset: UTF-8
* using options ‘--no-manual --no-build-vignettes’
* checking for file ‘anomalize/DESCRIPTION’ ... OK
* checking extension type ... Package
* this is package ‘anomalize’ version ‘0.1.1’
* package encoding: UTF-8
* checking package namespace information ... OK
* checking package dependencies ... OK
* checking if this is a source package ... OK
* checking if there is a namespace ... OK
* checking for executable files ... OK
* checking for hidden files and directories ... OK
* checking for portable file names ... OK
* checking for sufficient/correct file permissions ... OK
* checking whether package ‘anomalize’ can be installed ... OK
* checking installed package size ... NOTE
  installed size is  5.3Mb
  sub-directories of 1Mb or more:
    help   4.7Mb
* checking package directory ... OK
* checking ‘build’ directory ... OK
* checking DESCRIPTION meta-information ... OK
* checking top-level files ... OK
* checking for left-over files ... OK
* checking index information ... OK
* checking package subdirectories ... OK
* checking R files for non-ASCII characters ... OK
* checking R files for syntax errors ... OK
* checking whether the package can be loaded ... OK
* checking whether the package can be loaded with stated dependencies ... OK
* checking whether the package can be unloaded cleanly ... OK
* checking whether the namespace can be loaded with stated dependencies ... OK
* checking whether the namespace can be unloaded cleanly ... OK
* checking dependencies in R code ... OK
* checking S3 generic/method consistency ... OK
* checking replacement functions ... OK
* checking foreign function calls ... OK
* checking R code for possible problems ... OK
* checking Rd files ... OK
* checking Rd metadata ... OK
* checking Rd cross-references ... OK
* checking for missing documentation entries ... OK
* checking for code/documentation mismatches ... OK
* checking Rd \usage sections ... OK
* checking Rd contents ... OK
* checking for unstated dependencies in examples ... OK
* checking contents of ‘data’ directory ... OK
* checking data for non-ASCII characters ... OK
* checking data for ASCII and uncompressed saves ... OK
* checking installed files from ‘inst/doc’ ... OK
* checking files in ‘vignettes’ ... OK
* checking examples ... ERROR
Running examples in ‘anomalize-Ex.R’ failed
The error most likely occurred in:

> ### Name: anomalize
> ### Title: Detect anomalies using the tidyverse
> ### Aliases: anomalize
> 
> ### ** Examples
> 
> 
> library(dplyr)

Attaching package: ‘dplyr’

The following objects are masked from ‘package:stats’:

    filter, lag

The following objects are masked from ‘package:base’:

    intersect, setdiff, setequal, union

> 
> # Needed to pass CRAN check / This is loaded by default
> set_time_scale_template(time_scale_template())
> 
> data(tidyverse_cran_downloads)
> 
> tidyverse_cran_downloads %>%
+     time_decompose(count, method = "stl") %>%
+     anomalize(remainder, method = "iqr")
Warning: Detecting old grouped_df format, replacing `vars` attribute by `groups`
Warning: `cols` is now required.
Please use `cols = c(nested.col)`
Error in !.key : invalid argument type
Calls: %>% ... <Anonymous> -> nest.grouped_df -> check_key -> is_missing
Execution halted
* checking for unstated dependencies in ‘tests’ ... OK
* checking tests ... ERROR
  Running ‘testthat.R’
Running the tests in ‘tests/testthat.R’ failed.
Last 13 lines of output:
  ══ testthat results  ══════════════════════════════════════════════════════════════════════════════════════════════════════
  [ OK: 33 | SKIPPED: 0 | WARNINGS: 1 | FAILED: 14 ]
  1. Error: iqr_grouped_df works (@test-anomalize.R#32) 
  2. Error: gesd_grouped_df works (@test-anomalize.R#45) 
  3. Error: returns a ggplot (@test-plot_anomalies.R#8) 
  4. Error: grouped_tbl_time works (@test-time_apply.R#11) 
  5. Error: grouped tbl_df (@test-time_decompose.R#26) 
  6. Error: method = stl, auto freq/trend (@test-time_decompose.R#36) 
  7. Error: method = stl, character freq/trend (@test-time_decompose.R#46) 
  8. Error: method = stl, numeric freq/trend (@test-time_decompose.R#56) 
  9. Error: method = twitter, auto freq/trend (@test-time_decompose.R#66) 
  1. ...
  
  Error: testthat unit tests failed
  Execution halted
* checking for unstated dependencies in vignettes ... OK
* checking package vignettes in ‘inst/doc’ ... OK
* checking running R code from vignettes ... NONE
* checking re-building of vignette outputs ... SKIPPED
* DONE
Status: 2 ERRORs, 1 NOTE
