* using log directory ‘/Users/davis/Desktop/r/packages/tibbletime/revdep/checks.noindex/tidyquant/old/tidyquant.Rcheck’
* using R version 3.6.0 (2019-04-26)
* using platform: x86_64-apple-darwin15.6.0 (64-bit)
* using session charset: UTF-8
* using options ‘--no-manual --no-build-vignettes’
* checking for file ‘tidyquant/DESCRIPTION’ ... OK
* checking extension type ... Package
* this is package ‘tidyquant’ version ‘1.0.0’
* package encoding: UTF-8
* checking package namespace information ... OK
* checking package dependencies ... OK
* checking if this is a source package ... OK
* checking if there is a namespace ... OK
* checking for executable files ... OK
* checking for hidden files and directories ... OK
* checking for portable file names ... OK
* checking for sufficient/correct file permissions ... OK
* checking whether package ‘tidyquant’ can be installed ... WARNING
Found the following significant warnings:
  Warning: package ‘lubridate’ was built under R version 3.6.2
  Warning: package ‘zoo’ was built under R version 3.6.2
  Warning: package ‘quantmod’ was built under R version 3.6.2
See ‘/Users/davis/Desktop/r/packages/tibbletime/revdep/checks.noindex/tidyquant/old/tidyquant.Rcheck/00install.out’ for details.
* checking installed package size ... NOTE
  installed size is  5.3Mb
  sub-directories of 1Mb or more:
    doc   4.4Mb
* checking package directory ... OK
* checking ‘build’ directory ... OK
* checking DESCRIPTION meta-information ... OK
* checking top-level files ... OK
* checking for left-over files ... OK
* checking index information ... OK
* checking package subdirectories ... OK
* checking R files for non-ASCII characters ... OK
* checking R files for syntax errors ... OK
* checking whether the package can be loaded ... OK
* checking whether the package can be loaded with stated dependencies ... OK
* checking whether the package can be unloaded cleanly ... OK
* checking whether the namespace can be loaded with stated dependencies ... OK
* checking whether the namespace can be unloaded cleanly ... OK
* checking dependencies in R code ... NOTE
Namespace in Imports field not imported from: ‘xml2’
  All declared Imports should be used.
* checking S3 generic/method consistency ... OK
* checking replacement functions ... OK
* checking foreign function calls ... OK
* checking R code for possible problems ... OK
* checking Rd files ... OK
* checking Rd metadata ... OK
* checking Rd cross-references ... OK
* checking for missing documentation entries ... OK
* checking for code/documentation mismatches ... OK
* checking Rd \usage sections ... OK
* checking Rd contents ... OK
* checking for unstated dependencies in examples ... OK
* checking contents of ‘data’ directory ... OK
* checking data for non-ASCII characters ... OK
* checking data for ASCII and uncompressed saves ... OK
* checking R/sysdata.rda ... OK
* checking installed files from ‘inst/doc’ ... OK
* checking files in ‘vignettes’ ... OK
* checking examples ... ERROR
Running examples in ‘tidyquant-Ex.R’ failed
The error most likely occurred in:

> ### Name: coord_x_date
> ### Title: Zoom in on plot regions using date ranges or date-time ranges
> ### Aliases: coord_x_date coord_x_datetime
> 
> ### ** Examples
> 
> # Load libraries
> library(tidyquant)
> library(dplyr)

Attaching package: ‘dplyr’

The following objects are masked from ‘package:xts’:

    first, last

The following objects are masked from ‘package:lubridate’:

    intersect, setdiff, union

The following objects are masked from ‘package:stats’:

    filter, lag

The following objects are masked from ‘package:base’:

    intersect, setdiff, setequal, union

> library(ggplot2)
> 
> # coord_x_date
> AAPL <- tq_get("AAPL", from = "2013-01-01", to = "2016-12-31")
Warning: x = 'AAPL', get = 'stock.prices': Error in curl::curl_fetch_memory(cu, handle = h): Could not resolve host: finance.yahoo.com

> AAPL %>%
+     ggplot(aes(x = date, y = adjusted)) +
+     geom_line() +                         # Plot stock price
+     geom_ma(n = 50) +                     # Plot 50-day Moving Average
+     geom_ma(n = 200, color = "red") +     # Plot 200-day Moving Average
+     # Zoom in
+     coord_x_date(xlim = c("2016-01-01", "2016-12-31"),
+                  ylim = c(75, 125))
Error: `data` must be a data frame, or other object coercible by `fortify()`, not a logical vector
Backtrace:
[90m     [39m█
[90m  1. [39m└─AAPL %>% ggplot(aes(x = date, y = adjusted))
[90m  2. [39m  ├─base::withVisible(eval(quote(`_fseq`(`_lhs`)), env, env))
[90m  3. [39m  └─base::eval(quote(`_fseq`(`_lhs`)), env, env)
[90m  4. [39m    └─base::eval(quote(`_fseq`(`_lhs`)), env, env)
[90m  5. [39m      └─`_fseq`(`_lhs`)
[90m  6. [39m        └─magrittr::freduce(value, `_function_list`)
[90m  7. [39m          ├─base::withVisible(function_list[[k]](value))
[90m  8. [39m          └─function_list[[k]](value)
[90m  9. [39m            ├─ggplot2::ggplot(., aes(x = date, y = adjusted))
[90m 10. [39m            └─ggplot2:::ggplot.default(., aes(x = date, y = adjusted))
[90m 11. [39m              ├─ggplot2::fortify(data, ...)
[90m 12. [39m              └─ggplot2:::fortify.default(data, ...)
Execution halted
* checking for unstated dependencies in ‘tests’ ... OK
* checking tests ... OK
  Running ‘testthat.R’
* checking for unstated dependencies in vignettes ... OK
* checking package vignettes in ‘inst/doc’ ... OK
* checking running R code from vignettes ... NONE
* checking re-building of vignette outputs ... SKIPPED
* DONE
Status: 1 ERROR, 1 WARNING, 2 NOTEs
