Hmm ... looks like a package

This is pdfTeX, Version 3.14159265-2.6-1.40.19 (TeX Live 2018) (preloaded format=pdflatex)
 restricted \write18 enabled.
entering extended mode
LaTeX2e <2018-04-01> patch level 5
(./Rd2.tex
(/Users/davis/Library/TinyTeX/texmf-dist/tex/latex/base/book.cls
Document Class: book 2014/09/29 v1.4h Standard LaTeX document class
(/Users/davis/Library/TinyTeX/texmf-dist/tex/latex/base/bk10.clo))
(/Library/Frameworks/R.framework/Resources/share/texmf/tex/latex/Rd.sty
(/Users/davis/Library/TinyTeX/texmf-dist/tex/latex/base/ifthen.sty)
(/Users/davis/Library/TinyTeX/texmf-dist/tex/latex/tools/longtable.sty)
(/Users/davis/Library/TinyTeX/texmf-dist/tex/latex/tools/bm.sty)
(/Users/davis/Library/TinyTeX/texmf-dist/tex/latex/base/alltt.sty)
(/Users/davis/Library/TinyTeX/texmf-dist/tex/latex/tools/verbatim.sty)
(/Users/davis/Library/TinyTeX/texmf-dist/tex/latex/url/url.sty)
(/Users/davis/Library/TinyTeX/texmf-dist/tex/latex/base/textcomp.sty
(/Users/davis/Library/TinyTeX/texmf-dist/tex/latex/base/ts1enc.def
(/Users/davis/Library/TinyTeX/texmf-dist/tex/latex/base/ts1enc.dfu)))
(/Users/davis/Library/TinyTeX/texmf-dist/tex/latex/inconsolata/zi4.sty
`inconsolata-zi4' v1.112, 2017/01/04 Text macros for Inconsolata (msharpe)
(/Users/davis/Library/TinyTeX/texmf-dist/tex/latex/xkeyval/xkeyval.sty
(/Users/davis/Library/TinyTeX/texmf-dist/tex/generic/xkeyval/xkeyval.tex
(/Users/davis/Library/TinyTeX/texmf-dist/tex/generic/xkeyval/xkvutils.tex
(/Users/davis/Library/TinyTeX/texmf-dist/tex/generic/xkeyval/keyval.tex)))))
(/Users/davis/Library/TinyTeX/texmf-dist/tex/latex/graphics/color.sty
(/Users/davis/Library/TinyTeX/texmf-dist/tex/latex/graphics-cfg/color.cfg)
(/Users/davis/Library/TinyTeX/texmf-dist/tex/latex/graphics-def/pdftex.def))
(/Users/davis/Library/TinyTeX/texmf-dist/tex/latex/hyperref/hyperref.sty
(/Users/davis/Library/TinyTeX/texmf-dist/tex/generic/oberdiek/hobsub-hyperref.s
ty
(/Users/davis/Library/TinyTeX/texmf-dist/tex/generic/oberdiek/hobsub-generic.st
y)) (/Users/davis/Library/TinyTeX/texmf-dist/tex/generic/ifxetex/ifxetex.sty)
(/Users/davis/Library/TinyTeX/texmf-dist/tex/latex/oberdiek/auxhook.sty)
(/Users/davis/Library/TinyTeX/texmf-dist/tex/latex/oberdiek/kvoptions.sty)
(/Users/davis/Library/TinyTeX/texmf-dist/tex/latex/hyperref/pd1enc.def)
(/Users/davis/Library/TinyTeX/texmf-dist/tex/latex/latexconfig/hyperref.cfg))
(/Users/davis/Library/TinyTeX/texmf-dist/tex/latex/hyperref/hpdftex.def
(/Users/davis/Library/TinyTeX/texmf-dist/tex/latex/oberdiek/rerunfilecheck.sty)
)

Package hyperref Warning: Option `hyperindex' has already been used,
(hyperref)                setting the option has no effect on input line 366.


Package hyperref Warning: Option `pagebackref' has already been used,
(hyperref)                setting the option has no effect on input line 366.

) (/Users/davis/Library/TinyTeX/texmf-dist/tex/latex/base/makeidx.sty)
(/Users/davis/Library/TinyTeX/texmf-dist/tex/latex/base/inputenc.sty
(/Users/davis/Library/TinyTeX/texmf-dist/tex/latex/base/latin1.def))
Writing index file Rd2.idx
No file Rd2.aux.
(/Users/davis/Library/TinyTeX/texmf-dist/tex/latex/base/ts1cmr.fd)
(/Users/davis/Library/TinyTeX/texmf-dist/tex/latex/hyperref/nameref.sty
(/Users/davis/Library/TinyTeX/texmf-dist/tex/generic/oberdiek/gettitlestring.st
y)) (/Users/davis/Library/TinyTeX/texmf-dist/tex/latex/inconsolata/ot1zi4.fd)

LaTeX Font Warning: Font shape `OML/zi4/m/n' undefined
(Font)              using `OML/cmm/m/it' instead
(Font)              for symbol `textless' on input line 34.

(/Users/davis/Library/TinyTeX/texmf-dist/tex/latex/base/utf8.def)
Overfull \hbox (17.63448pt too wide) in paragraph at lines 56--57
[]\OT1/cmr/m/n/10 ts-boxable time se-ries, an ob-ject of class \OT1/zi4/m/n/10 
ts\OT1/cmr/m/n/10 , \OT1/zi4/m/n/10 xts\OT1/cmr/m/n/10 , \OT1/zi4/m/n/10 zoo\OT
1/cmr/m/n/10 , \OT1/zi4/m/n/10 data.frame\OT1/cmr/m/n/10 , \OT1/zi4/m/n/10 data
.table\OT1/cmr/m/n/10 ,
[1{/Users/davis/Library/TinyTeX/texmf-var/fonts/map/pdftex/updmap/pdftex.map}]
Overfull \hbox (17.63448pt too wide) in paragraph at lines 86--87
[]\OT1/cmr/m/n/10 ts-boxable time se-ries, an ob-ject of class \OT1/zi4/m/n/10 
ts\OT1/cmr/m/n/10 , \OT1/zi4/m/n/10 xts\OT1/cmr/m/n/10 , \OT1/zi4/m/n/10 zoo\OT
1/cmr/m/n/10 , \OT1/zi4/m/n/10 data.frame\OT1/cmr/m/n/10 , \OT1/zi4/m/n/10 data
.table\OT1/cmr/m/n/10 ,
[2]
Overfull \hbox (0.8736pt too wide) in paragraph at lines 118--120
[]\OT1/cmr/m/n/10 external pack-age, to be sug-gested (au-to-mat-i-cally added 
by \OT1/zi4/m/n/10 ts[]\OT1/cmr/m/n/10 ) \OT1/zi4/m/n/10 predict()\OT1/cmr/m/n/
10 .

Overfull \hbox (17.63448pt too wide) in paragraph at lines 130--131
[]\OT1/cmr/m/n/10 ts-boxable time se-ries, an ob-ject of class \OT1/zi4/m/n/10 
ts\OT1/cmr/m/n/10 , \OT1/zi4/m/n/10 xts\OT1/cmr/m/n/10 , \OT1/zi4/m/n/10 zoo\OT
1/cmr/m/n/10 , \OT1/zi4/m/n/10 data.frame\OT1/cmr/m/n/10 , \OT1/zi4/m/n/10 data
.table\OT1/cmr/m/n/10 ,
[3] [4] [5]
Overfull \hbox (17.63448pt too wide) in paragraph at lines 278--279
[]\OT1/cmr/m/n/10 ts-boxable time se-ries, an ob-ject of class \OT1/zi4/m/n/10 
ts\OT1/cmr/m/n/10 , \OT1/zi4/m/n/10 xts\OT1/cmr/m/n/10 , \OT1/zi4/m/n/10 zoo\OT
1/cmr/m/n/10 , \OT1/zi4/m/n/10 data.frame\OT1/cmr/m/n/10 , \OT1/zi4/m/n/10 data
.table\OT1/cmr/m/n/10 ,
[6] (/Users/davis/Library/TinyTeX/texmf-dist/tex/latex/inconsolata/ts1zi4.fd)
Overfull \hbox (17.63448pt too wide) in paragraph at lines 354--355
[]\OT1/cmr/m/n/10 ts-boxable time se-ries, an ob-ject of class \OT1/zi4/m/n/10 
ts\OT1/cmr/m/n/10 , \OT1/zi4/m/n/10 xts\OT1/cmr/m/n/10 , \OT1/zi4/m/n/10 zoo\OT
1/cmr/m/n/10 , \OT1/zi4/m/n/10 data.frame\OT1/cmr/m/n/10 , \OT1/zi4/m/n/10 data
.table\OT1/cmr/m/n/10 ,

Overfull \hbox (8.59251pt too wide) in paragraph at lines 365--369
\OT1/cmr/m/n/10 mul-ti-ple time se-ries, \OT1/zi4/m/n/10 ts[]dygraphs \OT1/cmr/
m/n/10 gen-er-ates an in-ter-ac-tive graph-i-cal vi-su-al-iza-tion, \OT1/zi4/m/
n/10 ts[]forecast

Overfull \hbox (17.63448pt too wide) in paragraph at lines 385--386
[]\OT1/cmr/m/n/10 ts-boxable time se-ries, an ob-ject of class \OT1/zi4/m/n/10 
ts\OT1/cmr/m/n/10 , \OT1/zi4/m/n/10 xts\OT1/cmr/m/n/10 , \OT1/zi4/m/n/10 zoo\OT
1/cmr/m/n/10 , \OT1/zi4/m/n/10 data.frame\OT1/cmr/m/n/10 , \OT1/zi4/m/n/10 data
.table\OT1/cmr/m/n/10 ,
[7] [8]
Overfull \hbox (17.63448pt too wide) in paragraph at lines 448--449
[]\OT1/cmr/m/n/10 ts-boxable time se-ries, an ob-ject of class \OT1/zi4/m/n/10 
ts\OT1/cmr/m/n/10 , \OT1/zi4/m/n/10 xts\OT1/cmr/m/n/10 , \OT1/zi4/m/n/10 zoo\OT
1/cmr/m/n/10 , \OT1/zi4/m/n/10 data.frame\OT1/cmr/m/n/10 , \OT1/zi4/m/n/10 data
.table\OT1/cmr/m/n/10 ,

Overfull \hbox (5.90544pt too wide) in paragraph at lines 488--492
\OT1/cmr/m/n/10 plot2[][] graphic sys-tem, and can be cus-tomized. With [][]\OT
1/zi4/m/n/10 theme[]tsbox()[][][] \OT1/cmr/m/n/10 and [][]\OT1/zi4/m/n/10 scale
[]color[]tsbox()[][][]\OT1/cmr/m/n/10 ,
[9] [10]
Overfull \hbox (17.63448pt too wide) in paragraph at lines 594--595
[]\OT1/cmr/m/n/10 ts-boxable time se-ries, an ob-ject of class \OT1/zi4/m/n/10 
ts\OT1/cmr/m/n/10 , \OT1/zi4/m/n/10 xts\OT1/cmr/m/n/10 , \OT1/zi4/m/n/10 zoo\OT
1/cmr/m/n/10 , \OT1/zi4/m/n/10 data.frame\OT1/cmr/m/n/10 , \OT1/zi4/m/n/10 data
.table\OT1/cmr/m/n/10 ,

Overfull \hbox (17.63448pt too wide) in paragraph at lines 638--639
[]\OT1/cmr/m/n/10 ts-boxable time se-ries, an ob-ject of class \OT1/zi4/m/n/10 
ts\OT1/cmr/m/n/10 , \OT1/zi4/m/n/10 xts\OT1/cmr/m/n/10 , \OT1/zi4/m/n/10 zoo\OT
1/cmr/m/n/10 , \OT1/zi4/m/n/10 data.frame\OT1/cmr/m/n/10 , \OT1/zi4/m/n/10 data
.table\OT1/cmr/m/n/10 ,
[11] [12]
Overfull \hbox (17.63448pt too wide) in paragraph at lines 727--728
[]\OT1/cmr/m/n/10 ts-boxable time se-ries, an ob-ject of class \OT1/zi4/m/n/10 
ts\OT1/cmr/m/n/10 , \OT1/zi4/m/n/10 xts\OT1/cmr/m/n/10 , \OT1/zi4/m/n/10 zoo\OT
1/cmr/m/n/10 , \OT1/zi4/m/n/10 data.frame\OT1/cmr/m/n/10 , \OT1/zi4/m/n/10 data
.table\OT1/cmr/m/n/10 ,
[13]
Overfull \hbox (17.63448pt too wide) in paragraph at lines 788--789
[]\OT1/cmr/m/n/10 ts-boxable time se-ries, an ob-ject of class \OT1/zi4/m/n/10 
ts\OT1/cmr/m/n/10 , \OT1/zi4/m/n/10 xts\OT1/cmr/m/n/10 , \OT1/zi4/m/n/10 zoo\OT
1/cmr/m/n/10 , \OT1/zi4/m/n/10 data.frame\OT1/cmr/m/n/10 , \OT1/zi4/m/n/10 data
.table\OT1/cmr/m/n/10 ,

Overfull \hbox (17.63448pt too wide) in paragraph at lines 819--820
[]\OT1/cmr/m/n/10 ts-boxable time se-ries, an ob-ject of class \OT1/zi4/m/n/10 
ts\OT1/cmr/m/n/10 , \OT1/zi4/m/n/10 xts\OT1/cmr/m/n/10 , \OT1/zi4/m/n/10 zoo\OT
1/cmr/m/n/10 , \OT1/zi4/m/n/10 data.frame\OT1/cmr/m/n/10 , \OT1/zi4/m/n/10 data
.table\OT1/cmr/m/n/10 ,
[14] [15] [16] [17]
Overfull \hbox (17.63448pt too wide) in paragraph at lines 1039--1040
[]\OT1/cmr/m/n/10 ts-boxable time se-ries, an ob-ject of class \OT1/zi4/m/n/10 
ts\OT1/cmr/m/n/10 , \OT1/zi4/m/n/10 xts\OT1/cmr/m/n/10 , \OT1/zi4/m/n/10 zoo\OT
1/cmr/m/n/10 , \OT1/zi4/m/n/10 data.frame\OT1/cmr/m/n/10 , \OT1/zi4/m/n/10 data
.table\OT1/cmr/m/n/10 ,
[18]
Overfull \hbox (17.63448pt too wide) in paragraph at lines 1117--1118
[]\OT1/cmr/m/n/10 ts-boxable time se-ries, an ob-ject of class \OT1/zi4/m/n/10 
ts\OT1/cmr/m/n/10 , \OT1/zi4/m/n/10 xts\OT1/cmr/m/n/10 , \OT1/zi4/m/n/10 zoo\OT
1/cmr/m/n/10 , \OT1/zi4/m/n/10 data.frame\OT1/cmr/m/n/10 , \OT1/zi4/m/n/10 data
.table\OT1/cmr/m/n/10 ,
[19]
Overfull \hbox (17.63448pt too wide) in paragraph at lines 1192--1193
[]\OT1/cmr/m/n/10 ts-boxable time se-ries, an ob-ject of class \OT1/zi4/m/n/10 
ts\OT1/cmr/m/n/10 , \OT1/zi4/m/n/10 xts\OT1/cmr/m/n/10 , \OT1/zi4/m/n/10 zoo\OT
1/cmr/m/n/10 , \OT1/zi4/m/n/10 data.frame\OT1/cmr/m/n/10 , \OT1/zi4/m/n/10 data
.table\OT1/cmr/m/n/10 ,
[20]
Overfull \hbox (1.72568pt too wide) in paragraph at lines 1233--1234
[]\OT1/cmr/m/n/10 ts-boxable time se-ries of the de-sired class, an ob-ject of 
class \OT1/zi4/m/n/10 ts\OT1/cmr/m/n/10 , \OT1/zi4/m/n/10 xts\OT1/cmr/m/n/10 , 
\OT1/zi4/m/n/10 data.frame\OT1/cmr/m/n/10 , \OT1/zi4/m/n/10 data.table\OT1/cmr/
m/n/10 ,
No file Rd2.ind.
[21] (./Rd2.aux)

Package rerunfilecheck Warning: File `Rd2.out' has changed.
(rerunfilecheck)                Rerun to get outlines right
(rerunfilecheck)                or use package `bookmark'.


LaTeX Font Warning: Some font shapes were not available, defaults substituted.

 )
(see the transcript file for additional information)pdfTeX warning (dest): name
{Rfn.anytime::anytime\(\)} has been referenced but does not exist, replaced by 
a fixed one

pdfTeX warning (dest): name{Rfn.stats::loess\(\)} has been referenced but does 
not exist, replaced by a fixed one

pdfTeX warning (dest): name{Rfn.base::scale\(\)} has been referenced but does n
ot exist, replaced by a fixed one

pdfTeX warning (dest): name{Rfn.base::seq.Date\(\)} has been referenced but doe
s not exist, replaced by a fixed one

pdfTeX warning (dest): name{Rfn.base::mean\(\)} has been referenced but does no
t exist, replaced by a fixed one

pdfTeX warning (dest): name{Rfn.stats::prcomp} has been referenced but does not
 exist, replaced by a fixed one

{/Users/davis/Library/TinyTeX/texmf-dist/fonts/enc/dvips/inconsolata/i4-ts1.enc
}{/Users/davis/Library/TinyTeX/texmf-dist/fonts/enc/dvips/inconsolata/i4-ot1-0.
enc} </Users/davis/.TinyTeX/texmf-var/fonts/pk/ljfour/jknappen/ec/tcrm1000.600p
k></Users/davis/Library/TinyTeX/texmf-dist/fonts/type1/public/inconsolata/Incon
solata-zi4r.pfb></Users/davis/Library/TinyTeX/texmf-dist/fonts/type1/public/ams
fonts/cm/cmb10.pfb></Users/davis/Library/TinyTeX/texmf-dist/fonts/type1/public/
amsfonts/cm/cmbx10.pfb></Users/davis/Library/TinyTeX/texmf-dist/fonts/type1/pub
lic/amsfonts/cm/cmbx12.pfb></Users/davis/Library/TinyTeX/texmf-dist/fonts/type1
/public/amsfonts/cm/cmmi10.pfb></Users/davis/Library/TinyTeX/texmf-dist/fonts/t
ype1/public/amsfonts/cm/cmr10.pfb></Users/davis/Library/TinyTeX/texmf-dist/font
s/type1/public/amsfonts/cm/cmr12.pfb></Users/davis/Library/TinyTeX/texmf-dist/f
onts/type1/public/amsfonts/cm/cmsl10.pfb></Users/davis/Library/TinyTeX/texmf-di
st/fonts/type1/public/amsfonts/cm/cmss12.pfb></Users/davis/Library/TinyTeX/texm
f-dist/fonts/type1/public/amsfonts/cm/cmti10.pfb>
Output written on Rd2.pdf (21 pages, 183627 bytes).
Transcript written on Rd2.log.
This is makeindex, version 2.15 [TeX Live 2018] (kpathsea + Thai support).
Scanning input file Rd2.idx....done (80 entries accepted, 0 rejected).
Sorting entries....done (541 comparisons).
Generating output file Rd2.ind....done (131 lines written, 0 warnings).
Output written in Rd2.ind.
Transcript written in Rd2.ilg.
This is pdfTeX, Version 3.14159265-2.6-1.40.19 (TeX Live 2018) (preloaded format=pdflatex)
 restricted \write18 enabled.
entering extended mode
LaTeX2e <2018-04-01> patch level 5
(./Rd2.tex
(/Users/davis/Library/TinyTeX/texmf-dist/tex/latex/base/book.cls
Document Class: book 2014/09/29 v1.4h Standard LaTeX document class
(/Users/davis/Library/TinyTeX/texmf-dist/tex/latex/base/bk10.clo))
(/Library/Frameworks/R.framework/Resources/share/texmf/tex/latex/Rd.sty
(/Users/davis/Library/TinyTeX/texmf-dist/tex/latex/base/ifthen.sty)
(/Users/davis/Library/TinyTeX/texmf-dist/tex/latex/tools/longtable.sty)
(/Users/davis/Library/TinyTeX/texmf-dist/tex/latex/tools/bm.sty)
(/Users/davis/Library/TinyTeX/texmf-dist/tex/latex/base/alltt.sty)
(/Users/davis/Library/TinyTeX/texmf-dist/tex/latex/tools/verbatim.sty)
(/Users/davis/Library/TinyTeX/texmf-dist/tex/latex/url/url.sty)
(/Users/davis/Library/TinyTeX/texmf-dist/tex/latex/base/textcomp.sty
(/Users/davis/Library/TinyTeX/texmf-dist/tex/latex/base/ts1enc.def
(/Users/davis/Library/TinyTeX/texmf-dist/tex/latex/base/ts1enc.dfu)))
(/Users/davis/Library/TinyTeX/texmf-dist/tex/latex/inconsolata/zi4.sty
`inconsolata-zi4' v1.112, 2017/01/04 Text macros for Inconsolata (msharpe)
(/Users/davis/Library/TinyTeX/texmf-dist/tex/latex/xkeyval/xkeyval.sty
(/Users/davis/Library/TinyTeX/texmf-dist/tex/generic/xkeyval/xkeyval.tex
(/Users/davis/Library/TinyTeX/texmf-dist/tex/generic/xkeyval/xkvutils.tex
(/Users/davis/Library/TinyTeX/texmf-dist/tex/generic/xkeyval/keyval.tex)))))
(/Users/davis/Library/TinyTeX/texmf-dist/tex/latex/graphics/color.sty
(/Users/davis/Library/TinyTeX/texmf-dist/tex/latex/graphics-cfg/color.cfg)
(/Users/davis/Library/TinyTeX/texmf-dist/tex/latex/graphics-def/pdftex.def))
(/Users/davis/Library/TinyTeX/texmf-dist/tex/latex/hyperref/hyperref.sty
(/Users/davis/Library/TinyTeX/texmf-dist/tex/generic/oberdiek/hobsub-hyperref.s
ty
(/Users/davis/Library/TinyTeX/texmf-dist/tex/generic/oberdiek/hobsub-generic.st
y)) (/Users/davis/Library/TinyTeX/texmf-dist/tex/generic/ifxetex/ifxetex.sty)
(/Users/davis/Library/TinyTeX/texmf-dist/tex/latex/oberdiek/auxhook.sty)
(/Users/davis/Library/TinyTeX/texmf-dist/tex/latex/oberdiek/kvoptions.sty)
(/Users/davis/Library/TinyTeX/texmf-dist/tex/latex/hyperref/pd1enc.def)
(/Users/davis/Library/TinyTeX/texmf-dist/tex/latex/latexconfig/hyperref.cfg))
(/Users/davis/Library/TinyTeX/texmf-dist/tex/latex/hyperref/hpdftex.def
(/Users/davis/Library/TinyTeX/texmf-dist/tex/latex/oberdiek/rerunfilecheck.sty)
)

Package hyperref Warning: Option `hyperindex' has already been used,
(hyperref)                setting the option has no effect on input line 366.


Package hyperref Warning: Option `pagebackref' has already been used,
(hyperref)                setting the option has no effect on input line 366.

) (/Users/davis/Library/TinyTeX/texmf-dist/tex/latex/base/makeidx.sty)
(/Users/davis/Library/TinyTeX/texmf-dist/tex/latex/base/inputenc.sty
(/Users/davis/Library/TinyTeX/texmf-dist/tex/latex/base/latin1.def))
Writing index file Rd2.idx
(./Rd2.aux) (/Users/davis/Library/TinyTeX/texmf-dist/tex/latex/base/ts1cmr.fd)
(/Users/davis/Library/TinyTeX/texmf-dist/tex/latex/hyperref/nameref.sty
(/Users/davis/Library/TinyTeX/texmf-dist/tex/generic/oberdiek/gettitlestring.st
y)) (./Rd2.out) (./Rd2.out)
(/Users/davis/Library/TinyTeX/texmf-dist/tex/latex/inconsolata/ot1zi4.fd)

LaTeX Font Warning: Font shape `OML/zi4/m/n' undefined
(Font)              using `OML/cmm/m/it' instead
(Font)              for symbol `textless' on input line 34.

(./Rd2.toc [1{/Users/davis/Library/TinyTeX/texmf-var/fonts/map/pdftex/updmap/pd
ftex.map}]) (/Users/davis/Library/TinyTeX/texmf-dist/tex/latex/base/utf8.def)
Overfull \hbox (17.63448pt too wide) in paragraph at lines 56--57
[]\OT1/cmr/m/n/10 ts-boxable time se-ries, an ob-ject of class \OT1/zi4/m/n/10 
ts\OT1/cmr/m/n/10 , \OT1/zi4/m/n/10 xts\OT1/cmr/m/n/10 , \OT1/zi4/m/n/10 zoo\OT
1/cmr/m/n/10 , \OT1/zi4/m/n/10 data.frame\OT1/cmr/m/n/10 , \OT1/zi4/m/n/10 data
.table\OT1/cmr/m/n/10 ,

Overfull \hbox (17.63448pt too wide) in paragraph at lines 86--87
[]\OT1/cmr/m/n/10 ts-boxable time se-ries, an ob-ject of class \OT1/zi4/m/n/10 
ts\OT1/cmr/m/n/10 , \OT1/zi4/m/n/10 xts\OT1/cmr/m/n/10 , \OT1/zi4/m/n/10 zoo\OT
1/cmr/m/n/10 , \OT1/zi4/m/n/10 data.frame\OT1/cmr/m/n/10 , \OT1/zi4/m/n/10 data
.table\OT1/cmr/m/n/10 ,
[2]
Overfull \hbox (0.8736pt too wide) in paragraph at lines 118--120
[]\OT1/cmr/m/n/10 external pack-age, to be sug-gested (au-to-mat-i-cally added 
by \OT1/zi4/m/n/10 ts[]\OT1/cmr/m/n/10 ) \OT1/zi4/m/n/10 predict()\OT1/cmr/m/n/
10 .

Overfull \hbox (17.63448pt too wide) in paragraph at lines 130--131
[]\OT1/cmr/m/n/10 ts-boxable time se-ries, an ob-ject of class \OT1/zi4/m/n/10 
ts\OT1/cmr/m/n/10 , \OT1/zi4/m/n/10 xts\OT1/cmr/m/n/10 , \OT1/zi4/m/n/10 zoo\OT
1/cmr/m/n/10 , \OT1/zi4/m/n/10 data.frame\OT1/cmr/m/n/10 , \OT1/zi4/m/n/10 data
.table\OT1/cmr/m/n/10 ,
[3] [4] [5]
Overfull \hbox (17.63448pt too wide) in paragraph at lines 278--279
[]\OT1/cmr/m/n/10 ts-boxable time se-ries, an ob-ject of class \OT1/zi4/m/n/10 
ts\OT1/cmr/m/n/10 , \OT1/zi4/m/n/10 xts\OT1/cmr/m/n/10 , \OT1/zi4/m/n/10 zoo\OT
1/cmr/m/n/10 , \OT1/zi4/m/n/10 data.frame\OT1/cmr/m/n/10 , \OT1/zi4/m/n/10 data
.table\OT1/cmr/m/n/10 ,
[6] (/Users/davis/Library/TinyTeX/texmf-dist/tex/latex/inconsolata/ts1zi4.fd)
Overfull \hbox (17.63448pt too wide) in paragraph at lines 354--355
[]\OT1/cmr/m/n/10 ts-boxable time se-ries, an ob-ject of class \OT1/zi4/m/n/10 
ts\OT1/cmr/m/n/10 , \OT1/zi4/m/n/10 xts\OT1/cmr/m/n/10 , \OT1/zi4/m/n/10 zoo\OT
1/cmr/m/n/10 , \OT1/zi4/m/n/10 data.frame\OT1/cmr/m/n/10 , \OT1/zi4/m/n/10 data
.table\OT1/cmr/m/n/10 ,

Overfull \hbox (8.59251pt too wide) in paragraph at lines 365--369
\OT1/cmr/m/n/10 mul-ti-ple time se-ries, \OT1/zi4/m/n/10 ts[]dygraphs \OT1/cmr/
m/n/10 gen-er-ates an in-ter-ac-tive graph-i-cal vi-su-al-iza-tion, \OT1/zi4/m/
n/10 ts[]forecast

Overfull \hbox (17.63448pt too wide) in paragraph at lines 385--386
[]\OT1/cmr/m/n/10 ts-boxable time se-ries, an ob-ject of class \OT1/zi4/m/n/10 
ts\OT1/cmr/m/n/10 , \OT1/zi4/m/n/10 xts\OT1/cmr/m/n/10 , \OT1/zi4/m/n/10 zoo\OT
1/cmr/m/n/10 , \OT1/zi4/m/n/10 data.frame\OT1/cmr/m/n/10 , \OT1/zi4/m/n/10 data
.table\OT1/cmr/m/n/10 ,
[7] [8]
Overfull \hbox (17.63448pt too wide) in paragraph at lines 448--449
[]\OT1/cmr/m/n/10 ts-boxable time se-ries, an ob-ject of class \OT1/zi4/m/n/10 
ts\OT1/cmr/m/n/10 , \OT1/zi4/m/n/10 xts\OT1/cmr/m/n/10 , \OT1/zi4/m/n/10 zoo\OT
1/cmr/m/n/10 , \OT1/zi4/m/n/10 data.frame\OT1/cmr/m/n/10 , \OT1/zi4/m/n/10 data
.table\OT1/cmr/m/n/10 ,

Overfull \hbox (5.90544pt too wide) in paragraph at lines 488--492
\OT1/cmr/m/n/10 plot2[][] graphic sys-tem, and can be cus-tomized. With [][]\OT
1/zi4/m/n/10 theme[]tsbox()[][][] \OT1/cmr/m/n/10 and [][]\OT1/zi4/m/n/10 scale
[]color[]tsbox()[][][]\OT1/cmr/m/n/10 ,
[9] [10]
Overfull \hbox (17.63448pt too wide) in paragraph at lines 594--595
[]\OT1/cmr/m/n/10 ts-boxable time se-ries, an ob-ject of class \OT1/zi4/m/n/10 
ts\OT1/cmr/m/n/10 , \OT1/zi4/m/n/10 xts\OT1/cmr/m/n/10 , \OT1/zi4/m/n/10 zoo\OT
1/cmr/m/n/10 , \OT1/zi4/m/n/10 data.frame\OT1/cmr/m/n/10 , \OT1/zi4/m/n/10 data
.table\OT1/cmr/m/n/10 ,

Overfull \hbox (17.63448pt too wide) in paragraph at lines 638--639
[]\OT1/cmr/m/n/10 ts-boxable time se-ries, an ob-ject of class \OT1/zi4/m/n/10 
ts\OT1/cmr/m/n/10 , \OT1/zi4/m/n/10 xts\OT1/cmr/m/n/10 , \OT1/zi4/m/n/10 zoo\OT
1/cmr/m/n/10 , \OT1/zi4/m/n/10 data.frame\OT1/cmr/m/n/10 , \OT1/zi4/m/n/10 data
.table\OT1/cmr/m/n/10 ,
[11] [12]
Overfull \hbox (17.63448pt too wide) in paragraph at lines 727--728
[]\OT1/cmr/m/n/10 ts-boxable time se-ries, an ob-ject of class \OT1/zi4/m/n/10 
ts\OT1/cmr/m/n/10 , \OT1/zi4/m/n/10 xts\OT1/cmr/m/n/10 , \OT1/zi4/m/n/10 zoo\OT
1/cmr/m/n/10 , \OT1/zi4/m/n/10 data.frame\OT1/cmr/m/n/10 , \OT1/zi4/m/n/10 data
.table\OT1/cmr/m/n/10 ,
[13]
Overfull \hbox (17.63448pt too wide) in paragraph at lines 788--789
[]\OT1/cmr/m/n/10 ts-boxable time se-ries, an ob-ject of class \OT1/zi4/m/n/10 
ts\OT1/cmr/m/n/10 , \OT1/zi4/m/n/10 xts\OT1/cmr/m/n/10 , \OT1/zi4/m/n/10 zoo\OT
1/cmr/m/n/10 , \OT1/zi4/m/n/10 data.frame\OT1/cmr/m/n/10 , \OT1/zi4/m/n/10 data
.table\OT1/cmr/m/n/10 ,

Overfull \hbox (17.63448pt too wide) in paragraph at lines 819--820
[]\OT1/cmr/m/n/10 ts-boxable time se-ries, an ob-ject of class \OT1/zi4/m/n/10 
ts\OT1/cmr/m/n/10 , \OT1/zi4/m/n/10 xts\OT1/cmr/m/n/10 , \OT1/zi4/m/n/10 zoo\OT
1/cmr/m/n/10 , \OT1/zi4/m/n/10 data.frame\OT1/cmr/m/n/10 , \OT1/zi4/m/n/10 data
.table\OT1/cmr/m/n/10 ,
[14] [15] [16] [17]
Overfull \hbox (17.63448pt too wide) in paragraph at lines 1039--1040
[]\OT1/cmr/m/n/10 ts-boxable time se-ries, an ob-ject of class \OT1/zi4/m/n/10 
ts\OT1/cmr/m/n/10 , \OT1/zi4/m/n/10 xts\OT1/cmr/m/n/10 , \OT1/zi4/m/n/10 zoo\OT
1/cmr/m/n/10 , \OT1/zi4/m/n/10 data.frame\OT1/cmr/m/n/10 , \OT1/zi4/m/n/10 data
.table\OT1/cmr/m/n/10 ,
[18]
Overfull \hbox (17.63448pt too wide) in paragraph at lines 1117--1118
[]\OT1/cmr/m/n/10 ts-boxable time se-ries, an ob-ject of class \OT1/zi4/m/n/10 
ts\OT1/cmr/m/n/10 , \OT1/zi4/m/n/10 xts\OT1/cmr/m/n/10 , \OT1/zi4/m/n/10 zoo\OT
1/cmr/m/n/10 , \OT1/zi4/m/n/10 data.frame\OT1/cmr/m/n/10 , \OT1/zi4/m/n/10 data
.table\OT1/cmr/m/n/10 ,
[19]
Overfull \hbox (17.63448pt too wide) in paragraph at lines 1192--1193
[]\OT1/cmr/m/n/10 ts-boxable time se-ries, an ob-ject of class \OT1/zi4/m/n/10 
ts\OT1/cmr/m/n/10 , \OT1/zi4/m/n/10 xts\OT1/cmr/m/n/10 , \OT1/zi4/m/n/10 zoo\OT
1/cmr/m/n/10 , \OT1/zi4/m/n/10 data.frame\OT1/cmr/m/n/10 , \OT1/zi4/m/n/10 data
.table\OT1/cmr/m/n/10 ,
[20]
Overfull \hbox (1.72568pt too wide) in paragraph at lines 1233--1234
[]\OT1/cmr/m/n/10 ts-boxable time se-ries of the de-sired class, an ob-ject of 
class \OT1/zi4/m/n/10 ts\OT1/cmr/m/n/10 , \OT1/zi4/m/n/10 xts\OT1/cmr/m/n/10 , 
\OT1/zi4/m/n/10 data.frame\OT1/cmr/m/n/10 , \OT1/zi4/m/n/10 data.table\OT1/cmr/
m/n/10 ,
(./Rd2.ind [21]

LaTeX Font Warning: Font shape `OT1/zi4/m/it' undefined
(Font)              using `OT1/zi4/m/n' instead on input line 3.

[22]) (./Rd2.aux)

Package rerunfilecheck Warning: File `Rd2.out' has changed.
(rerunfilecheck)                Rerun to get outlines right
(rerunfilecheck)                or use package `bookmark'.


LaTeX Font Warning: Some font shapes were not available, defaults substituted.

 )
(see the transcript file for additional information)pdfTeX warning (dest): name
{Rfn.anytime::anytime\(\)} has been referenced but does not exist, replaced by 
a fixed one

pdfTeX warning (dest): name{Rfn.stats::loess\(\)} has been referenced but does 
not exist, replaced by a fixed one

pdfTeX warning (dest): name{Rfn.base::scale\(\)} has been referenced but does n
ot exist, replaced by a fixed one

pdfTeX warning (dest): name{Rfn.base::seq.Date\(\)} has been referenced but doe
s not exist, replaced by a fixed one

pdfTeX warning (dest): name{Rfn.base::mean\(\)} has been referenced but does no
t exist, replaced by a fixed one

pdfTeX warning (dest): name{Rfn.stats::prcomp} has been referenced but does not
 exist, replaced by a fixed one

{/Users/davis/Library/TinyTeX/texmf-dist/fonts/enc/dvips/inconsolata/i4-ts1.enc
}{/Users/davis/Library/TinyTeX/texmf-dist/fonts/enc/dvips/inconsolata/i4-ot1-0.
enc} </Users/davis/.TinyTeX/texmf-var/fonts/pk/ljfour/jknappen/ec/tcrm1000.600p
k></Users/davis/Library/TinyTeX/texmf-dist/fonts/type1/public/inconsolata/Incon
solata-zi4r.pfb></Users/davis/Library/TinyTeX/texmf-dist/fonts/type1/public/ams
fonts/cm/cmb10.pfb></Users/davis/Library/TinyTeX/texmf-dist/fonts/type1/public/
amsfonts/cm/cmbx10.pfb></Users/davis/Library/TinyTeX/texmf-dist/fonts/type1/pub
lic/amsfonts/cm/cmbx12.pfb></Users/davis/Library/TinyTeX/texmf-dist/fonts/type1
/public/amsfonts/cm/cmmi10.pfb></Users/davis/Library/TinyTeX/texmf-dist/fonts/t
ype1/public/amsfonts/cm/cmr10.pfb></Users/davis/Library/TinyTeX/texmf-dist/font
s/type1/public/amsfonts/cm/cmr12.pfb></Users/davis/Library/TinyTeX/texmf-dist/f
onts/type1/public/amsfonts/cm/cmsl10.pfb></Users/davis/Library/TinyTeX/texmf-di
st/fonts/type1/public/amsfonts/cm/cmss12.pfb></Users/davis/Library/TinyTeX/texm
f-dist/fonts/type1/public/amsfonts/cm/cmti10.pfb>
Output written on Rd2.pdf (22 pages, 193373 bytes).
Transcript written on Rd2.log.
This is makeindex, version 2.15 [TeX Live 2018] (kpathsea + Thai support).
Scanning input file Rd2.idx....done (80 entries accepted, 0 rejected).
Sorting entries....done (541 comparisons).
Generating output file Rd2.ind....done (131 lines written, 0 warnings).
Output written in Rd2.ind.
Transcript written in Rd2.ilg.
This is pdfTeX, Version 3.14159265-2.6-1.40.19 (TeX Live 2018) (preloaded format=pdflatex)
 restricted \write18 enabled.
entering extended mode
LaTeX2e <2018-04-01> patch level 5
(./Rd2.tex
(/Users/davis/Library/TinyTeX/texmf-dist/tex/latex/base/book.cls
Document Class: book 2014/09/29 v1.4h Standard LaTeX document class
(/Users/davis/Library/TinyTeX/texmf-dist/tex/latex/base/bk10.clo))
(/Library/Frameworks/R.framework/Resources/share/texmf/tex/latex/Rd.sty
(/Users/davis/Library/TinyTeX/texmf-dist/tex/latex/base/ifthen.sty)
(/Users/davis/Library/TinyTeX/texmf-dist/tex/latex/tools/longtable.sty)
(/Users/davis/Library/TinyTeX/texmf-dist/tex/latex/tools/bm.sty)
(/Users/davis/Library/TinyTeX/texmf-dist/tex/latex/base/alltt.sty)
(/Users/davis/Library/TinyTeX/texmf-dist/tex/latex/tools/verbatim.sty)
(/Users/davis/Library/TinyTeX/texmf-dist/tex/latex/url/url.sty)
(/Users/davis/Library/TinyTeX/texmf-dist/tex/latex/base/textcomp.sty
(/Users/davis/Library/TinyTeX/texmf-dist/tex/latex/base/ts1enc.def
(/Users/davis/Library/TinyTeX/texmf-dist/tex/latex/base/ts1enc.dfu)))
(/Users/davis/Library/TinyTeX/texmf-dist/tex/latex/inconsolata/zi4.sty
`inconsolata-zi4' v1.112, 2017/01/04 Text macros for Inconsolata (msharpe)
(/Users/davis/Library/TinyTeX/texmf-dist/tex/latex/xkeyval/xkeyval.sty
(/Users/davis/Library/TinyTeX/texmf-dist/tex/generic/xkeyval/xkeyval.tex
(/Users/davis/Library/TinyTeX/texmf-dist/tex/generic/xkeyval/xkvutils.tex
(/Users/davis/Library/TinyTeX/texmf-dist/tex/generic/xkeyval/keyval.tex)))))
(/Users/davis/Library/TinyTeX/texmf-dist/tex/latex/graphics/color.sty
(/Users/davis/Library/TinyTeX/texmf-dist/tex/latex/graphics-cfg/color.cfg)
(/Users/davis/Library/TinyTeX/texmf-dist/tex/latex/graphics-def/pdftex.def))
(/Users/davis/Library/TinyTeX/texmf-dist/tex/latex/hyperref/hyperref.sty
(/Users/davis/Library/TinyTeX/texmf-dist/tex/generic/oberdiek/hobsub-hyperref.s
ty
(/Users/davis/Library/TinyTeX/texmf-dist/tex/generic/oberdiek/hobsub-generic.st
y)) (/Users/davis/Library/TinyTeX/texmf-dist/tex/generic/ifxetex/ifxetex.sty)
(/Users/davis/Library/TinyTeX/texmf-dist/tex/latex/oberdiek/auxhook.sty)
(/Users/davis/Library/TinyTeX/texmf-dist/tex/latex/oberdiek/kvoptions.sty)
(/Users/davis/Library/TinyTeX/texmf-dist/tex/latex/hyperref/pd1enc.def)
(/Users/davis/Library/TinyTeX/texmf-dist/tex/latex/latexconfig/hyperref.cfg))
(/Users/davis/Library/TinyTeX/texmf-dist/tex/latex/hyperref/hpdftex.def
(/Users/davis/Library/TinyTeX/texmf-dist/tex/latex/oberdiek/rerunfilecheck.sty)
)

Package hyperref Warning: Option `hyperindex' has already been used,
(hyperref)                setting the option has no effect on input line 366.


Package hyperref Warning: Option `pagebackref' has already been used,
(hyperref)                setting the option has no effect on input line 366.

) (/Users/davis/Library/TinyTeX/texmf-dist/tex/latex/base/makeidx.sty)
(/Users/davis/Library/TinyTeX/texmf-dist/tex/latex/base/inputenc.sty
(/Users/davis/Library/TinyTeX/texmf-dist/tex/latex/base/latin1.def))
Writing index file Rd2.idx
(./Rd2.aux) (/Users/davis/Library/TinyTeX/texmf-dist/tex/latex/base/ts1cmr.fd)
(/Users/davis/Library/TinyTeX/texmf-dist/tex/latex/hyperref/nameref.sty
(/Users/davis/Library/TinyTeX/texmf-dist/tex/generic/oberdiek/gettitlestring.st
y)) (./Rd2.out) (./Rd2.out)
(/Users/davis/Library/TinyTeX/texmf-dist/tex/latex/inconsolata/ot1zi4.fd)

LaTeX Font Warning: Font shape `OML/zi4/m/n' undefined
(Font)              using `OML/cmm/m/it' instead
(Font)              for symbol `textless' on input line 34.

(./Rd2.toc [1{/Users/davis/Library/TinyTeX/texmf-var/fonts/map/pdftex/updmap/pd
ftex.map}]) (/Users/davis/Library/TinyTeX/texmf-dist/tex/latex/base/utf8.def)
Overfull \hbox (17.63448pt too wide) in paragraph at lines 56--57
[]\OT1/cmr/m/n/10 ts-boxable time se-ries, an ob-ject of class \OT1/zi4/m/n/10 
ts\OT1/cmr/m/n/10 , \OT1/zi4/m/n/10 xts\OT1/cmr/m/n/10 , \OT1/zi4/m/n/10 zoo\OT
1/cmr/m/n/10 , \OT1/zi4/m/n/10 data.frame\OT1/cmr/m/n/10 , \OT1/zi4/m/n/10 data
.table\OT1/cmr/m/n/10 ,

Overfull \hbox (17.63448pt too wide) in paragraph at lines 86--87
[]\OT1/cmr/m/n/10 ts-boxable time se-ries, an ob-ject of class \OT1/zi4/m/n/10 
ts\OT1/cmr/m/n/10 , \OT1/zi4/m/n/10 xts\OT1/cmr/m/n/10 , \OT1/zi4/m/n/10 zoo\OT
1/cmr/m/n/10 , \OT1/zi4/m/n/10 data.frame\OT1/cmr/m/n/10 , \OT1/zi4/m/n/10 data
.table\OT1/cmr/m/n/10 ,
[2]
Overfull \hbox (0.8736pt too wide) in paragraph at lines 118--120
[]\OT1/cmr/m/n/10 external pack-age, to be sug-gested (au-to-mat-i-cally added 
by \OT1/zi4/m/n/10 ts[]\OT1/cmr/m/n/10 ) \OT1/zi4/m/n/10 predict()\OT1/cmr/m/n/
10 .

Overfull \hbox (17.63448pt too wide) in paragraph at lines 130--131
[]\OT1/cmr/m/n/10 ts-boxable time se-ries, an ob-ject of class \OT1/zi4/m/n/10 
ts\OT1/cmr/m/n/10 , \OT1/zi4/m/n/10 xts\OT1/cmr/m/n/10 , \OT1/zi4/m/n/10 zoo\OT
1/cmr/m/n/10 , \OT1/zi4/m/n/10 data.frame\OT1/cmr/m/n/10 , \OT1/zi4/m/n/10 data
.table\OT1/cmr/m/n/10 ,
[3] [4] [5]
Overfull \hbox (17.63448pt too wide) in paragraph at lines 278--279
[]\OT1/cmr/m/n/10 ts-boxable time se-ries, an ob-ject of class \OT1/zi4/m/n/10 
ts\OT1/cmr/m/n/10 , \OT1/zi4/m/n/10 xts\OT1/cmr/m/n/10 , \OT1/zi4/m/n/10 zoo\OT
1/cmr/m/n/10 , \OT1/zi4/m/n/10 data.frame\OT1/cmr/m/n/10 , \OT1/zi4/m/n/10 data
.table\OT1/cmr/m/n/10 ,
[6] (/Users/davis/Library/TinyTeX/texmf-dist/tex/latex/inconsolata/ts1zi4.fd)
Overfull \hbox (17.63448pt too wide) in paragraph at lines 354--355
[]\OT1/cmr/m/n/10 ts-boxable time se-ries, an ob-ject of class \OT1/zi4/m/n/10 
ts\OT1/cmr/m/n/10 , \OT1/zi4/m/n/10 xts\OT1/cmr/m/n/10 , \OT1/zi4/m/n/10 zoo\OT
1/cmr/m/n/10 , \OT1/zi4/m/n/10 data.frame\OT1/cmr/m/n/10 , \OT1/zi4/m/n/10 data
.table\OT1/cmr/m/n/10 ,

Overfull \hbox (8.59251pt too wide) in paragraph at lines 365--369
\OT1/cmr/m/n/10 mul-ti-ple time se-ries, \OT1/zi4/m/n/10 ts[]dygraphs \OT1/cmr/
m/n/10 gen-er-ates an in-ter-ac-tive graph-i-cal vi-su-al-iza-tion, \OT1/zi4/m/
n/10 ts[]forecast

Overfull \hbox (17.63448pt too wide) in paragraph at lines 385--386
[]\OT1/cmr/m/n/10 ts-boxable time se-ries, an ob-ject of class \OT1/zi4/m/n/10 
ts\OT1/cmr/m/n/10 , \OT1/zi4/m/n/10 xts\OT1/cmr/m/n/10 , \OT1/zi4/m/n/10 zoo\OT
1/cmr/m/n/10 , \OT1/zi4/m/n/10 data.frame\OT1/cmr/m/n/10 , \OT1/zi4/m/n/10 data
.table\OT1/cmr/m/n/10 ,
[7] [8]
Overfull \hbox (17.63448pt too wide) in paragraph at lines 448--449
[]\OT1/cmr/m/n/10 ts-boxable time se-ries, an ob-ject of class \OT1/zi4/m/n/10 
ts\OT1/cmr/m/n/10 , \OT1/zi4/m/n/10 xts\OT1/cmr/m/n/10 , \OT1/zi4/m/n/10 zoo\OT
1/cmr/m/n/10 , \OT1/zi4/m/n/10 data.frame\OT1/cmr/m/n/10 , \OT1/zi4/m/n/10 data
.table\OT1/cmr/m/n/10 ,

Overfull \hbox (5.90544pt too wide) in paragraph at lines 488--492
\OT1/cmr/m/n/10 plot2[][] graphic sys-tem, and can be cus-tomized. With [][]\OT
1/zi4/m/n/10 theme[]tsbox()[][][] \OT1/cmr/m/n/10 and [][]\OT1/zi4/m/n/10 scale
[]color[]tsbox()[][][]\OT1/cmr/m/n/10 ,
[9] [10]
Overfull \hbox (17.63448pt too wide) in paragraph at lines 594--595
[]\OT1/cmr/m/n/10 ts-boxable time se-ries, an ob-ject of class \OT1/zi4/m/n/10 
ts\OT1/cmr/m/n/10 , \OT1/zi4/m/n/10 xts\OT1/cmr/m/n/10 , \OT1/zi4/m/n/10 zoo\OT
1/cmr/m/n/10 , \OT1/zi4/m/n/10 data.frame\OT1/cmr/m/n/10 , \OT1/zi4/m/n/10 data
.table\OT1/cmr/m/n/10 ,

Overfull \hbox (17.63448pt too wide) in paragraph at lines 638--639
[]\OT1/cmr/m/n/10 ts-boxable time se-ries, an ob-ject of class \OT1/zi4/m/n/10 
ts\OT1/cmr/m/n/10 , \OT1/zi4/m/n/10 xts\OT1/cmr/m/n/10 , \OT1/zi4/m/n/10 zoo\OT
1/cmr/m/n/10 , \OT1/zi4/m/n/10 data.frame\OT1/cmr/m/n/10 , \OT1/zi4/m/n/10 data
.table\OT1/cmr/m/n/10 ,
[11] [12]
Overfull \hbox (17.63448pt too wide) in paragraph at lines 727--728
[]\OT1/cmr/m/n/10 ts-boxable time se-ries, an ob-ject of class \OT1/zi4/m/n/10 
ts\OT1/cmr/m/n/10 , \OT1/zi4/m/n/10 xts\OT1/cmr/m/n/10 , \OT1/zi4/m/n/10 zoo\OT
1/cmr/m/n/10 , \OT1/zi4/m/n/10 data.frame\OT1/cmr/m/n/10 , \OT1/zi4/m/n/10 data
.table\OT1/cmr/m/n/10 ,
[13]
Overfull \hbox (17.63448pt too wide) in paragraph at lines 788--789
[]\OT1/cmr/m/n/10 ts-boxable time se-ries, an ob-ject of class \OT1/zi4/m/n/10 
ts\OT1/cmr/m/n/10 , \OT1/zi4/m/n/10 xts\OT1/cmr/m/n/10 , \OT1/zi4/m/n/10 zoo\OT
1/cmr/m/n/10 , \OT1/zi4/m/n/10 data.frame\OT1/cmr/m/n/10 , \OT1/zi4/m/n/10 data
.table\OT1/cmr/m/n/10 ,

Overfull \hbox (17.63448pt too wide) in paragraph at lines 819--820
[]\OT1/cmr/m/n/10 ts-boxable time se-ries, an ob-ject of class \OT1/zi4/m/n/10 
ts\OT1/cmr/m/n/10 , \OT1/zi4/m/n/10 xts\OT1/cmr/m/n/10 , \OT1/zi4/m/n/10 zoo\OT
1/cmr/m/n/10 , \OT1/zi4/m/n/10 data.frame\OT1/cmr/m/n/10 , \OT1/zi4/m/n/10 data
.table\OT1/cmr/m/n/10 ,
[14] [15] [16] [17]
Overfull \hbox (17.63448pt too wide) in paragraph at lines 1039--1040
[]\OT1/cmr/m/n/10 ts-boxable time se-ries, an ob-ject of class \OT1/zi4/m/n/10 
ts\OT1/cmr/m/n/10 , \OT1/zi4/m/n/10 xts\OT1/cmr/m/n/10 , \OT1/zi4/m/n/10 zoo\OT
1/cmr/m/n/10 , \OT1/zi4/m/n/10 data.frame\OT1/cmr/m/n/10 , \OT1/zi4/m/n/10 data
.table\OT1/cmr/m/n/10 ,
[18]
Overfull \hbox (17.63448pt too wide) in paragraph at lines 1117--1118
[]\OT1/cmr/m/n/10 ts-boxable time se-ries, an ob-ject of class \OT1/zi4/m/n/10 
ts\OT1/cmr/m/n/10 , \OT1/zi4/m/n/10 xts\OT1/cmr/m/n/10 , \OT1/zi4/m/n/10 zoo\OT
1/cmr/m/n/10 , \OT1/zi4/m/n/10 data.frame\OT1/cmr/m/n/10 , \OT1/zi4/m/n/10 data
.table\OT1/cmr/m/n/10 ,
[19]
Overfull \hbox (17.63448pt too wide) in paragraph at lines 1192--1193
[]\OT1/cmr/m/n/10 ts-boxable time se-ries, an ob-ject of class \OT1/zi4/m/n/10 
ts\OT1/cmr/m/n/10 , \OT1/zi4/m/n/10 xts\OT1/cmr/m/n/10 , \OT1/zi4/m/n/10 zoo\OT
1/cmr/m/n/10 , \OT1/zi4/m/n/10 data.frame\OT1/cmr/m/n/10 , \OT1/zi4/m/n/10 data
.table\OT1/cmr/m/n/10 ,
[20]
Overfull \hbox (1.72568pt too wide) in paragraph at lines 1233--1234
[]\OT1/cmr/m/n/10 ts-boxable time se-ries of the de-sired class, an ob-ject of 
class \OT1/zi4/m/n/10 ts\OT1/cmr/m/n/10 , \OT1/zi4/m/n/10 xts\OT1/cmr/m/n/10 , 
\OT1/zi4/m/n/10 data.frame\OT1/cmr/m/n/10 , \OT1/zi4/m/n/10 data.table\OT1/cmr/
m/n/10 ,
(./Rd2.ind [21]

LaTeX Font Warning: Font shape `OT1/zi4/m/it' undefined
(Font)              using `OT1/zi4/m/n' instead on input line 3.

[22]) (./Rd2.aux)

LaTeX Font Warning: Some font shapes were not available, defaults substituted.

 )
(see the transcript file for additional information)pdfTeX warning (dest): name
{Rfn.anytime::anytime\(\)} has been referenced but does not exist, replaced by 
a fixed one

pdfTeX warning (dest): name{Rfn.stats::loess\(\)} has been referenced but does 
not exist, replaced by a fixed one

pdfTeX warning (dest): name{Rfn.base::scale\(\)} has been referenced but does n
ot exist, replaced by a fixed one

pdfTeX warning (dest): name{Rfn.base::seq.Date\(\)} has been referenced but doe
s not exist, replaced by a fixed one

pdfTeX warning (dest): name{Rfn.base::mean\(\)} has been referenced but does no
t exist, replaced by a fixed one

pdfTeX warning (dest): name{Rfn.stats::prcomp} has been referenced but does not
 exist, replaced by a fixed one

{/Users/davis/Library/TinyTeX/texmf-dist/fonts/enc/dvips/inconsolata/i4-ts1.enc
}{/Users/davis/Library/TinyTeX/texmf-dist/fonts/enc/dvips/inconsolata/i4-ot1-0.
enc} </Users/davis/.TinyTeX/texmf-var/fonts/pk/ljfour/jknappen/ec/tcrm1000.600p
k></Users/davis/Library/TinyTeX/texmf-dist/fonts/type1/public/inconsolata/Incon
solata-zi4r.pfb></Users/davis/Library/TinyTeX/texmf-dist/fonts/type1/public/ams
fonts/cm/cmb10.pfb></Users/davis/Library/TinyTeX/texmf-dist/fonts/type1/public/
amsfonts/cm/cmbx10.pfb></Users/davis/Library/TinyTeX/texmf-dist/fonts/type1/pub
lic/amsfonts/cm/cmbx12.pfb></Users/davis/Library/TinyTeX/texmf-dist/fonts/type1
/public/amsfonts/cm/cmmi10.pfb></Users/davis/Library/TinyTeX/texmf-dist/fonts/t
ype1/public/amsfonts/cm/cmr10.pfb></Users/davis/Library/TinyTeX/texmf-dist/font
s/type1/public/amsfonts/cm/cmr12.pfb></Users/davis/Library/TinyTeX/texmf-dist/f
onts/type1/public/amsfonts/cm/cmsl10.pfb></Users/davis/Library/TinyTeX/texmf-di
st/fonts/type1/public/amsfonts/cm/cmss12.pfb></Users/davis/Library/TinyTeX/texm
f-dist/fonts/type1/public/amsfonts/cm/cmti10.pfb>
Output written on Rd2.pdf (22 pages, 193955 bytes).
Transcript written on Rd2.log.
Saving output to ‘tsbox-manual.pdf’ ...
Done
You may want to clean up by 'rm -Rf /var/folders/41/qx_9ygp112nfysdfgxcssgwc0000gn/T//Rtmpf9qEkK/Rd2pdfcbc245dff770'
